<?xml version="1.0" encoding="UTF-8"?>
<testng-results ignored="0" total="3" passed="3" failed="0" skipped="0">
  <reporter-output>
  </reporter-output>
  <suite started-at="2021-10-27T13:06:13Z" name="Default suite" finished-at="2021-10-27T13:06:21Z" duration-ms="7929">
    <groups>
    </groups>
    <test started-at="2021-10-27T13:06:13Z" name="Default test" finished-at="2021-10-27T13:06:21Z" duration-ms="7929">
      <class name="restAssuredAssignment.RestAssuredAssignmentTestCases">
        <test-method signature="TC01_getAccessToken()[pri:0, instance:restAssuredAssignment.RestAssuredAssignmentTestCases@536f2a7e]" started-at="2021-10-27T13:06:13Z" name="TC01_getAccessToken" finished-at="2021-10-27T13:06:16Z" duration-ms="2658" status="PASS">
          <reporter-output>
          </reporter-output>
        </test-method> <!-- TC01_getAccessToken -->
        <test-method signature="TC02_adminLogin()[pri:0, instance:restAssuredAssignment.RestAssuredAssignmentTestCases@536f2a7e]" started-at="2021-10-27T13:06:16Z" name="TC02_adminLogin" finished-at="2021-10-27T13:06:18Z" duration-ms="2574" status="PASS">
          <reporter-output>
          </reporter-output>
        </test-method> <!-- TC02_adminLogin -->
        <test-method signature="TC03_AddNewCustomer()[pri:0, instance:restAssuredAssignment.RestAssuredAssignmentTestCases@536f2a7e]" started-at="2021-10-27T13:06:18Z" name="TC03_AddNewCustomer" finished-at="2021-10-27T13:06:21Z" duration-ms="2654" status="PASS">
          <reporter-output>
          </reporter-output>
        </test-method> <!-- TC03_AddNewCustomer -->
      </class> <!-- restAssuredAssignment.RestAssuredAssignmentTestCases -->
    </test> <!-- Default test -->
  </suite> <!-- Default suite -->
</testng-results>
